0 info it worked if it ends with ok
1 verbose cli [ 'node', '/usr/local/bin/npm', 'install', 'jsdom@3.1.2' ]
2 info using npm@1.3.5
3 info using node@v0.10.15
4 verbose readDependencies using package.json deps
5 verbose cache add [ 'jsdom@3.1.2', null ]
6 verbose cache add name=undefined spec="jsdom@3.1.2" args=["jsdom@3.1.2",null]
7 verbose parsed url { protocol: null,
7 verbose parsed url   slashes: null,
7 verbose parsed url   auth: null,
7 verbose parsed url   host: null,
7 verbose parsed url   port: null,
7 verbose parsed url   hostname: null,
7 verbose parsed url   hash: null,
7 verbose parsed url   search: null,
7 verbose parsed url   query: null,
7 verbose parsed url   pathname: 'jsdom@3.1.2',
7 verbose parsed url   path: 'jsdom@3.1.2',
7 verbose parsed url   href: 'jsdom@3.1.2' }
8 verbose cache add name="jsdom" spec="3.1.2" args=["jsdom","3.1.2"]
9 verbose parsed url { protocol: null,
9 verbose parsed url   slashes: null,
9 verbose parsed url   auth: null,
9 verbose parsed url   host: null,
9 verbose parsed url   port: null,
9 verbose parsed url   hostname: null,
9 verbose parsed url   hash: null,
9 verbose parsed url   search: null,
9 verbose parsed url   query: null,
9 verbose parsed url   pathname: '3.1.2',
9 verbose parsed url   path: '3.1.2',
9 verbose parsed url   href: '3.1.2' }
10 verbose addNamed [ 'jsdom', '3.1.2' ]
11 verbose addNamed [ '3.1.2', '3.1.2' ]
12 silly lockFile 2e7a11ec-jsdom-3-1-2 jsdom@3.1.2
13 verbose lock jsdom@3.1.2 /Users/Santana/.npm/2e7a11ec-jsdom-3-1-2.lock
14 verbose url raw jsdom/3.1.2
15 verbose url resolving [ 'https://registry.npmjs.org/', './jsdom/3.1.2' ]
16 verbose url resolved https://registry.npmjs.org/jsdom/3.1.2
17 info trying registry request attempt 1 at 22:58:34
18 verbose etag "3ZNV7JV55ADK9NG1M8U4F2O1C"
19 http GET https://registry.npmjs.org/jsdom/3.1.2
20 http 304 https://registry.npmjs.org/jsdom/3.1.2
21 silly registry.get cb [ 304,
21 silly registry.get   { date: 'Fri, 12 Feb 2016 06:58:35 GMT',
21 silly registry.get     via: '1.1 varnish',
21 silly registry.get     'cache-control': 'max-age=300',
21 silly registry.get     etag: '"3ZNV7JV55ADK9NG1M8U4F2O1C"',
21 silly registry.get     age: '0',
21 silly registry.get     connection: 'keep-alive',
21 silly registry.get     'x-served-by': 'cache-sjc3121-SJC',
21 silly registry.get     'x-cache': 'MISS',
21 silly registry.get     'x-cache-hits': '0',
21 silly registry.get     'x-timer': 'S1455260315.054859,VS0,VE166',
21 silly registry.get     vary: 'Accept' } ]
22 verbose etag jsdom/3.1.2 from cache
23 silly lockFile 2e7a11ec-jsdom-3-1-2 jsdom@3.1.2
24 silly lockFile 2e7a11ec-jsdom-3-1-2 jsdom@3.1.2
25 silly resolved [ { name: 'jsdom',
25 silly resolved     version: '3.1.2',
25 silly resolved     description: 'A JavaScript implementation of the DOM and HTML standards',
25 silly resolved     keywords: [ 'dom', 'html', 'whatwg', 'w3c' ],
25 silly resolved     maintainers: [ [Object], [Object], [Object] ],
25 silly resolved     contributors:
25 silly resolved      [ [Object],
25 silly resolved        [Object],
25 silly resolved        [Object],
25 silly resolved        [Object],
25 silly resolved        [Object],
25 silly resolved        [Object],
25 silly resolved        [Object],
25 silly resolved        [Object],
25 silly resolved        [Object],
25 silly resolved        [Object],
25 silly resolved        [Object],
25 silly resolved        [Object],
25 silly resolved        [Object],
25 silly resolved        [Object],
25 silly resolved        [Object],
25 silly resolved        [Object],
25 silly resolved        [Object],
25 silly resolved        [Object],
25 silly resolved        [Object],
25 silly resolved        [Object],
25 silly resolved        [Object],
25 silly resolved        [Object],
25 silly resolved        [Object],
25 silly resolved        [Object],
25 silly resolved        [Object],
25 silly resolved        [Object],
25 silly resolved        [Object],
25 silly resolved        [Object],
25 silly resolved        [Object],
25 silly resolved        [Object],
25 silly resolved        [Object],
25 silly resolved        [Object],
25 silly resolved        [Object],
25 silly resolved        [Object],
25 silly resolved        [Object] ],
25 silly resolved     license:
25 silly resolved      { type: 'MIT',
25 silly resolved        url: 'http://github.com/tmpvar/jsdom/blob/master/LICENSE.txt' },
25 silly resolved     repository: { type: 'git', url: 'tmpvar/jsdom' },
25 silly resolved     dependencies:
25 silly resolved      { 'browser-request': '>= 0.3.1 < 0.4.0',
25 silly resolved        contextify: '>= 0.1.9 < 0.2.0',
25 silly resolved        cssom: '>= 0.3.0 < 0.4.0',
25 silly resolved        cssstyle: '>= 0.2.21 < 0.3.0',
25 silly resolved        htmlparser2: '>= 3.7.3 < 4.0.0',
25 silly resolved        nwmatcher: '>= 1.3.4 < 2.0.0',
25 silly resolved        parse5: '>= 1.3.1 < 2.0.0',
25 silly resolved        request: '>= 2.44.0 < 3.0.0',
25 silly resolved        'xml-name-validator': '^1.0.0',
25 silly resolved        xmlhttprequest: '>= 1.6.0 < 2.0.0',
25 silly resolved        'acorn-globals': '^1.0.2',
25 silly resolved        acorn: '0.11.0',
25 silly resolved        escodegen: '^1.6.1' },
25 silly resolved     devDependencies:
25 silly resolved      { browserify: '^8.1.3',
25 silly resolved        colors: '^0.6.2',
25 silly resolved        'http-server': '^0.6.1',
25 silly resolved        jshint: '^2.5.0',
25 silly resolved        multiline: '^1.0.1',
25 silly resolved        nodeunit: '~0.8.0',
25 silly resolved        optimist: '*',
25 silly resolved        portfinder: '^0.2.1',
25 silly resolved        q: '^1.0.1',
25 silly resolved        'selenium-standalone': '^2.42.0-2.9.0',
25 silly resolved        urlmaster: '>=0.2.15',
25 silly resolved        wd: '^0.2.21' },
25 silly resolved     browser:
25 silly resolved      { canvas: false,
25 silly resolved        contextify: './lib/jsdom/contextify-shim.js',
25 silly resolved        request: 'browser-request' },
25 silly resolved     scripts:
25 silly resolved      { pretest: 'git submodule update --init --recursive',
25 silly resolved        test: 'node ./test/runner',
25 silly resolved        'test-browser': 'node ./test/browser-runner',
25 silly resolved        lint: 'jshint lib/ && jshint test/' },
25 silly resolved     main: './lib/jsdom',
25 silly resolved     files: [ 'lib/' ],
25 silly resolved     readme: '# jsdom\n\nA JavaScript implementation of the WHATWG DOM and HTML standards.\n\n## Install\n\n```bash\n$ npm install jsdom\n```\n\nIf this gives you trouble with errors about installing Contextify, especially on Windows, see [below](#contextify).\n\n## Human contact\n\nsee: [mailing list](http://groups.google.com/group/jsdom)\n\n## Easymode: `jsdom.env`\n\n`jsdom.env` is an API that allows you to throw a bunch of stuff at it, and it will generally do the right thing.\n\nYou can use it with a URL\n\n```js\n// Count all of the links from the Node.js build page\nvar jsdom = require("jsdom");\n\njsdom.env(\n  "http://nodejs.org/dist/",\n  ["http://code.jquery.com/jquery.js"],\n  function (errors, window) {\n    console.log("there have been", window.$("a").length, "nodejs releases!");\n  }\n);\n```\n\nor with raw HTML\n\n```js\n// Run some jQuery on a html fragment\nvar jsdom = require("jsdom");\n\njsdom.env(\n  \'<p><a class="the-link" href="https://github.com/tmpvar/jsdom">jsdom!</a></p>\',\n  ["http://code.jquery.com/jquery.js"],\n  function (errors, window) {\n    console.log("contents of a.the-link:", window.$("a.the-link").text());\n  }\n);\n```\n\nor with a configuration object\n\n```js\n// Print all of the news items on Hacker News\nvar jsdom = require("jsdom");\n\njsdom.env({\n  url: "http://news.ycombinator.com/",\n  scripts: ["http://code.jquery.com/jquery.js"],\n  done: function (errors, window) {\n    var $ = window.$;\n    console.log("HN Links");\n    $("td.title:not(:last) a").each(function() {\n      console.log(" -", $(this).text());\n    });\n  }\n});\n```\n\nor with raw JavaScript source\n\n```js\n// Print all of the news items on Hacker News\nvar jsdom = require("jsdom");\nvar fs = require("fs");\nvar jquery = fs.readFileSync("./jquery.js", "utf-8");\n\njsdom.env({\n  url: "http://news.ycombinator.com/",\n  src: [jquery],\n  done: function (errors, window) {\n    var $ = window.$;\n    console.log("HN Links");\n    $("td.title:not(:last) a").each(function () {\n      console.log(" -", $(this).text());\n    });\n  }\n});\n```\n\n### How it works\n\nThe do-what-I-mean API is used like so:\n\n```js\njsdom.env(string, [scripts], [config], callback);\n```\n\n- `string`: may be a URL, file name, or HTML fragment\n- `scripts`: a string or array of strings, containing file names or URLs that will be inserted as `<script>` tags\n- `config`: see below\n- `callback`: takes two arguments\n  - `errors`: either `null`, if nothing goes wrong, or an array of errors\n  - `window`: a brand new `window`, if there were no loading errors\n\n_Example:_\n\n```js\njsdom.env(html, function (errors, window) {\n  // free memory associated with the window\n  window.close();\n});\n```\n\nIf you would like to specify a configuration object only:\n\n```js\njsdom.env(config);\n```\n\n- `config.html`: a HTML fragment\n- `config.file`: a file which jsdom will load HTML from; the resulting window\'s `location.href` will be a `file://` URL.\n- `config.url`: sets the resulting window\'s `location.href`; if `config.html` and `config.file` are not provided, jsdom will load HTML from this URL.\n- `config.scripts`: see `scripts` above.\n- `config.src`: an array of JavaScript strings that will be evaluated against the resulting document. Similar to `scripts`, but it accepts JavaScript instead of paths/URLs.\n- `config.jar`: a custom cookie jar, if desired; see [mikeal/request](https://github.com/mikeal/request) documentation.\n- `config.parsingMode`: either `"auto"`, `"html"`, or `"xml"`. The default is `"auto"`, which uses HTML behavior unless `config.url` responds with an XML `Content-Type`, or `config.file` contains a filename ending in `.xml` or `.xhtml`. Setting to `"xml"` will attempt to parse the document as an XHTML document. (jsdom is [currently only OK at doing that](https://github.com/tmpvar/jsdom/issues/885).)\n- `config.document`:\n  - `referrer`: the new document will have this referrer.\n  - `cookie`: manually set a cookie value, e.g. `\'key=value; expires=Wed, Sep 21 2011 12:00:00 GMT; path=/\'`.\n  - `cookieDomain`: a cookie domain for the manually set cookie; defaults to `127.0.0.1`.\n- `config.headers`: an object giving any headers that will be used while loading the HTML from `config.url`, if applicable\n- `config.features`: see Flexibility section below. **Note**: the default feature set for `jsdom.env` does _not_ include fetching remote JavaScript and executing it. This is something that you will need to _carefully_ enable yourself.\n- `config.resourceLoader`: a function that intercepts subresource requests and allows you to re-route them, modify, or outright replace them with your own content. More below.\n- `config.done`, `config.loaded`, `config.created`: see below.\n\nNote that at least one of the callbacks (`done`, `loaded`, or `created`) is required, as is one of `html`, `file`, or `url`.\n\n### Initialization lifecycle\n\nIf you just want to load the document and execute it, the `done` callback shown above is the simplest. If anything goes wrong, either while loading the document and creating the window, or while executing any `<script>`s, the problem will show up in the `errors` array passed as the first argument.\n\nHowever, if you want more control over or insight into the initialization lifecycle, you\'ll want to use the `created` and/or `loaded` callbacks:\n\n#### `created(error, window)`\n\nThe `created` callback is called as soon as the window is created, or if that process fails. You may access all `window` properties here; however, `window.document` is not ready for use yet, as the HTML has not been parsed.\n\nThe primary use-case for `created` is to modify the window object (e.g. add new functions on built-in prototypes) before any scripts execute.\n\nYou can also set an event handler for `\'load\'` or other events on the window if you wish. But the `loaded` callback, below, can be more useful, since it includes script errors.\n\nIf the `error` argument is non-`null`, it will contain whatever loading error caused the window creation to fail; in that case `window` will not be passed.\n\n#### `loaded(errors, window)`\n\nThe `loaded` callback is called along with the window\'s `\'load\'` event. This means it will only be called if creation succeeds without error. Note that by the time it has called, any external resources will have been downloaded, and any `<script>`s will have finished executing.\n\nIf `errors` is non-`null`, it will contain an array of all JavaScript errors that occured during script execution. `window` will still be passed, however.\n\n#### `done(errors, window)`\n\nNow that you know about `created` and `loaded`, you can see that `done` is essentially both of them smashed together:\n\n- If window creation succeeds and no `<script>`s cause errors, then `errors` will be null, and `window` will be usable.\n- If window creation succeeds but there are script errors, then `errors` will be an array containing those errors, but `window` will still be usable.\n- If window creation fails, then `errors` will be an array containing the creation error, and `window` will not be passed.\n\n#### Migrating from before v1.0.0\n\nIf you used jsdom before v1.0.0, it only had a `done` callback, and it was kind of buggy, sometimes behaving one way, and sometimes another. Due to some excellent work by [@Sebmaster](https://github.com/Sebmaster) in [#792](https://github.com/tmpvar/jsdom/pull/792), we fixed it up into the above lifecycle. For more information on the migration, see [the wiki](https://github.com/tmpvar/jsdom/wiki/PR-792).\n\n#### Dealing with asynchronous script loading\n\nIf you load scripts asynchronously, e.g. with a module loader like RequireJS, none of the above hooks will really give you what you want. There\'s nothing, either in jsdom or in browsers, to say "notify me after all asynchronous loads have completed." The solution is to use the mechanisms of the framework you are using to notify about this finishing up. E.g., with RequireJS, you could do\n\n```js\n// On the Node side:\nvar window = jsdom.jsdom(...).parentWindow;\nwindow.onModulesLoaded = function () {\n  console.log("ready to roll!");\n};\n```\n\n```html\n<!-- Inside the HTML you supply to jsdom -->\n<script>\nrequirejs(["entry-module"], function () {\n  window.onModulesLoaded();\n});\n</script>\n```\n\nFor more details, see the discussion in [#640](https://github.com/tmpvar/jsdom/issues/640), especially [@matthewkastor](https://github.com/matthewkastor)\'s [insightful comment](https://github.com/tmpvar/jsdom/issues/640#issuecomment-22216965).\n\n### On running scripts and being safe\n\nBy default, `jsdom.env` will not process and run external JavaScript, since our sandbox is not foolproof. That is, code running inside the DOM\'s `<script>`s can, if it tries hard enough, get access to the Node environment, and thus to your machine. If you want to (carefully!) enable running JavaScript, you can use `jsdom.jsdom`, `jsdom.jQueryify`, or modify the defaults passed to `jsdom.env`.\n\n## For the hardcore: `jsdom.jsdom`\n\nThe `jsdom.jsdom` method does less things automatically; it takes in only HTML source, and does not let you to separately supply script that it will inject and execute. It just gives you back a `document` object, with usable `document.parentWindow`, and starts asynchronously executing any `<script>`s included in the HTML source. You can listen for the `\'load\'` event to wait until scripts are done loading and executing, just like you would in a normal HTML page.\n\nUsage of the API generally looks like this:\n\n```js\nvar jsdom = require("jsdom").jsdom;\nvar doc = jsdom(markup, options);\nvar window = doc.parentWindow;\n```\n\n- `markup` is a HTML document to be parsed. You can also pass `undefined` to get the basic document, equivalent to what a browser will give if you open up an empty `.html` file.\n\n- `options`: see the explanation of the `config` object above.\n\n### Flexibility\n\nOne of the goals of jsdom is to be as minimal and light as possible. This section details how someone can change the behavior of `Document`s before they are created. These features are baked into the `DOMImplementation` that every `Document` has, and may be tweaked in two ways:\n\n1. When you create a new `Document`, by overriding the configuration:\n\n  ```js\n  var jsdom = require("jsdom").jsdom;\n  var doc = jsdom("<html><body></body></html>", {\n      features: {\n        FetchExternalResources : ["img"]\n      }\n  });\n  ```\n\n  Do note, that this will only affect the document that is currently being created. All other documents will use the defaults specified below (see: Default Features).\n\n2. Before creating any documents, you can modify the defaults for all future documents:\n\n  ```js\n  require("jsdom").defaultDocumentFeatures = {\n      FetchExternalResources: ["script"],\n      ProcessExternalResources: false\n  };\n  ```\n\n#### External Resources\n\nDefault features are extremely important for jsdom as they lower the configuration requirement and present developers a set of consistent default behaviors. The following sections detail the available features, their defaults, and the values that jsdom uses.\n\n`FetchExternalResources`\n\n- _Default_: `["script"]`\n- _Allowed_: `["script", "img", "css", "frame", "iframe", "link"]` or `false`\n- _Default for `jsdom.env`_: `false`\n\nEnables/disables fetching files over the file system/HTTP\n\n`ProcessExternalResources`\n\n- _Default_: `["script"]`\n- _Allowed_: `["script"]` or `false`\n- _Default for `jsdom.env`_: `false`\n\nEnables/disables JavaScript execution\n\n`SkipExternalResources`\n\n- _Default_: `false` (allow all)\n- _Allowed_: `/url to be skipped/` or `false`\n- _Example_: `/http:\\/\\/example.org/js/bad\\.js/`\n\nFilters resource downloading and processing to disallow those matching the given regular expression\n\n#### Custom External Resource Loader\n\njsdom lets you intercept subresource requests using `config.resourceLoader`. `config.resourceLoader` expects a function which is called for each subresource request with the following arguments:\n\n- `resource`: a vanilla JavaScript object with the following properties\n  - `url`: a parsed URL object.\n  - `cookie`: the content of the HTTP cookie header (`key=value` pairs separated by semicolons).\n  - `cookieDomain`: the cookie domain as set in `config`, defaults to `127.0.0.1`.\n  - `baseUrl`: the base URL used to resolve relative URLs.\n  - `defaultFetch(callback)`: a convenience method to fetch the resource online.\n- `callback`: a function to be called with two arguments\n  - `error`: either `null`, if nothing goes wrong, or an `Error` object.\n  - `body`: a string representing the body of the resource.\n\nFor example, fetching all JS files from a different directory and running them in strict mode:\n\n```js\nvar jsdom = require("jsdom");\n\njsdom.env({\n  url: "http://example.com/",\n  resourceLoader: function (resource, callback) {\n    var pathname = resource.url.pathname;\n    if (/\\.js$/.test(pathname)) {\n      resource.url.pathname = pathname.replace("/js/", "/js/raw/");\n      resource.defaultFetch(function (err, body) {\n        if (err) return callback(err);\n        callback(null, \'"use strict";\\n\' + body);\n      });\n    } else {\n      resource.defaultFetch(callback);\n    }\n  },\n  features: {\n    FetchExternalResources: ["script"],\n    ProcessExternalResources: ["script"],\n    SkipExternalResources: false\n  }\n});\n```\n\n### Canvas\n\njsdom includes support for using the [canvas](https://npmjs.org/package/canvas) package to extend any `<canvas>` elements with the canvas API. To make this work, you need to include canvas as a dependency in your project, as a peer of jsdom. If jsdom can find the canvas package, it will use it, but if it\'s not present, then `<canvas>` elements will behave like `<div>`s.\n\n## More Examples\n\n### Creating a browser-like window object\n\n```js\nvar jsdom = require("jsdom").jsdom;\nvar document = jsdom("hello world");\nvar window = document.parentWindow;\n\nconsole.log(window.document.documentElement.outerHTML);\n// output: "<html><head></head><body>hello world</body></html>"\n\nconsole.log(window.innerWidth);\n// output: 1024\n\nconsole.log(typeof window.document.getElementsByClassName);\n// outputs: function\n```\n\n### jQueryify\n\n```js\nvar jsdom = require("jsdom");\nvar window = jsdom.jsdom().parentWindow;\n\njsdom.jQueryify(window, "http://code.jquery.com/jquery-2.1.1.js", function () {\n  window.$("body").append(\'<div class="testing">Hello World, It works</div>\');\n\n  console.log(window.$(".testing").text());\n});\n```\n\n### Passing objects to scripts inside the page\n\n```js\nvar jsdom = require("jsdom").jsdom;\nvar window = jsdom().parentWindow;\n\nwindow.__myObject = { foo: "bar" };\n\nvar scriptEl = window.document.createElement("script");\nscriptEl.src = "anotherScript.js";\nwindow.document.body.appendChild(scriptEl);\n\n// anotherScript.js will have the ability to read `window.__myObject`, even\n// though it originated in Node!\n```\n\n### Serializing a document\n\n```js\nvar jsdom = require("jsdom").jsdom;\nvar serializeDocument = require("jsdom").serializeDocument;\n\nvar doc = jsdom("<!DOCTYPE html>hello");\n\nserializeDocument(doc) === "<!DOCTYPE html><html><head></head><body>hello</body></html>";\ndoc.documentElement.outerHTML === "<html><head></head><body>hello</body></html>";\n```\n\n### Capturing Console Output\n\n#### Forward a window\'s console output to the Node.js console\n\n```js\nvar jsdom = require("jsdom");\nvar window = jsdom.jsdom().parentWindow;\n\njsdom.getVirtualConsole(window).sendTo(console);\n```\n\n#### Get an event emitter for a window\'s console\n\n```js\nvar jsdom = require("jsdom");\nvar window = jsdom.jsdom().parentWindow;\n\nvar virtualConsole = jsdom.getVirtualConsole(window);\n\nvirtualConsole.on("log", function (message) {\n  console.log("console.log called ->", message);\n});\n```\n\n## What Standards Does jsdom Support, Exactly?\n\nOur mission is to get something very close to a headless browser, with emphasis more on the DOM/HTML side of things than the CSS side. As such, our primary goals are supporting [The DOM Standard](http://dom.spec.whatwg.org/) and [The HTML Standard](http://www.whatwg.org/specs/web-apps/current-work/multipage/). We only support some subset of these so far; in particular we have the subset covered by the outdated DOM 2 spec family down pretty well. We\'re slowly including more and more from the modern DOM and HTML specs, including some `Node` APIs, `querySelector(All)`, attribute semantics, the history and URL APIs, and the HTML parsing algorithm.\n\nWe also support some subset of the [CSSOM](http://dev.w3.org/csswg/cssom/), largely via [@chad3814](https://github.com/chad3814)\'s excellent [cssstyle](https://www.npmjs.org/package/cssstyle) package. In general we want to make webpages run headlessly as best we can, and if there are other specs we should be incorporating, let us know.\n\n## Contextify\n\n[Contextify](https://npmjs.org/package/contextify) is a dependency of jsdom, used for running `<script>` tags within the page. In other words, it allows jsdom, which is run in Node.js, to run strings of JavaScript in an isolated environment that pretends to be a browser environment instead of a server. You can see how this is an important feature.\n\nUnfortunately, doing this kind of magic requires C++. And in Node.js, using C++ from JavaScript means using "native modules." Native modules are compiled at installation time so that they work precisely for your machine; that is, you don\'t download a contextify binary from npm, but instead build one locally after downloading the source from npm.\n\nGetting C++ compiled within npm\'s installation system can be tricky, especially for Windows users. Thus, one of the most common problems with jsdom is trying to use it without the proper compilation tools installed. Here\'s what you need to compile Contextify, and thus to install jsdom:\n\n### Windows\n\n- The latest version of [Node.js for Windows](http://nodejs.org/download/)\n- A copy of [Visual Studio Express 2013 for Windows Desktop](http://www.visualstudio.com/downloads/download-visual-studio-vs#d-express-windows-desktop)\n- A copy of [Python 2.7](http://www.python.org/download/), installed in the default location of `C:\\Python27`\n- Set your system environment variable GYP_MSVS_VERSION like so (assuming you have Visual Studio 2013 installed):\n  ```shell\n  setx GYP_MSVS_VERSION 2013\n  ```\n\n- Restart your command prompt window to ensure required path variables are present.\n\nThere are some slight modifications to this that can work; for example other Visual Studio versions often work too. But it\'s tricky, so start with the basics!\n\n### Mac\n\n- XCode needs to be installed\n- "Command line tools for XCode" need to be installed\n- Launch XCode once to accept the license, etc. and ensure it\'s properly installed\n\n### Linux\n\nYou\'ll need various build tools installed, like `make`, Python 2.7, and a compiler toolchain. How to install these will be specific to your distro, if you don\'t already have them.\n',
25 silly resolved     readmeFilename: 'README.md',
25 silly resolved     _id: 'jsdom@3.1.2',
25 silly resolved     _from: 'jsdom@3.1.2' } ]
26 info install jsdom@3.1.2 into /Users/Santana/Desktop/Todo/Professional/School/UCSD/Quarters/Winter 2016/Courses/CSE 170/Labs/introHCI/Project
27 info installOne jsdom@3.1.2
28 info /Users/Santana/Desktop/Todo/Professional/School/UCSD/Quarters/Winter 2016/Courses/CSE 170/Labs/introHCI/Project/node_modules/jsdom unbuild
29 verbose tar unpack /Users/Santana/.npm/jsdom/3.1.2/package.tgz
30 silly lockFile 16c92151-roHCI-Project-node-modules-jsdom tar:///Users/Santana/Desktop/Todo/Professional/School/UCSD/Quarters/Winter 2016/Courses/CSE 170/Labs/introHCI/Project/node_modules/jsdom
31 verbose lock tar:///Users/Santana/Desktop/Todo/Professional/School/UCSD/Quarters/Winter 2016/Courses/CSE 170/Labs/introHCI/Project/node_modules/jsdom /Users/Santana/.npm/16c92151-roHCI-Project-node-modules-jsdom.lock
32 silly lockFile 115e9387-tana-npm-jsdom-3-1-2-package-tgz tar:///Users/Santana/.npm/jsdom/3.1.2/package.tgz
33 verbose lock tar:///Users/Santana/.npm/jsdom/3.1.2/package.tgz /Users/Santana/.npm/115e9387-tana-npm-jsdom-3-1-2-package-tgz.lock
34 silly gunzTarPerm modes [ '755', '644' ]
35 silly gunzTarPerm extractEntry package.json
36 silly gunzTarPerm extractEntry README.md
37 silly gunzTarPerm extractEntry lib/README.md
38 silly gunzTarPerm extractEntry lib/jsdom.js
39 silly gunzTarPerm extractEntry lib/jsdom/contextify-shim.js
40 silly gunzTarPerm extractEntry lib/jsdom/utils.js
41 silly gunzTarPerm extractEntry lib/jsdom/virtual-console.js
42 silly gunzTarPerm extractEntry lib/jsdom/browser/Window.js
43 silly gunzTarPerm extractEntry lib/jsdom/browser/documentAdapter.js
44 silly gunzTarPerm extractEntry lib/jsdom/browser/documentfeatures.js
45 silly gunzTarPerm extractEntry lib/jsdom/browser/domtohtml.js
46 silly gunzTarPerm extractEntry lib/jsdom/browser/history.js
47 silly gunzTarPerm extractEntry lib/jsdom/browser/htmltodom.js
48 silly gunzTarPerm extractEntry lib/jsdom/browser/index.js
49 silly gunzTarPerm extractEntry lib/jsdom/browser/location.js
50 silly gunzTarPerm extractEntry lib/jsdom/browser/utils.js
51 silly gunzTarPerm extractEntry lib/jsdom/level1/core.js
52 silly gunzTarPerm extractEntry lib/jsdom/level2/core.js
53 silly gunzTarPerm extractEntry lib/jsdom/level2/events.js
54 silly gunzTarPerm extractEntry lib/jsdom/level2/html.js
55 silly gunzTarPerm extractEntry lib/jsdom/level2/style.js
56 silly gunzTarPerm extractEntry lib/jsdom/level2/languages/javascript.js
57 silly gunzTarPerm extractEntry lib/jsdom/level3/core.js
58 silly gunzTarPerm extractEntry lib/jsdom/level3/ls.js
59 silly gunzTarPerm extractEntry lib/jsdom/level3/xpath.js
60 silly gunzTarPerm extractEntry lib/jsdom/living/character-data.js
61 silly gunzTarPerm extractEntry lib/jsdom/living/document-type.js
62 silly gunzTarPerm extractEntry lib/jsdom/living/document.js
63 silly gunzTarPerm extractEntry lib/jsdom/living/dom-implementation.js
64 silly gunzTarPerm extractEntry lib/jsdom/living/selectors.js
65 silly gunzTarPerm extractEntry lib/jsdom/living/comment.js
66 silly gunzTarPerm extractEntry lib/jsdom/living/node-filter.js
67 silly gunzTarPerm extractEntry lib/jsdom/living/node.js
68 silly gunzTarPerm extractEntry lib/jsdom/living/processing-instruction.js
69 silly gunzTarPerm extractEntry lib/jsdom/living/text.js
70 silly gunzTarPerm extractEntry lib/jsdom/living/index.js
71 silly gunzTarPerm extractEntry lib/jsdom/living/helpers/validate-names.js
72 silly lockFile 16c92151-roHCI-Project-node-modules-jsdom tar:///Users/Santana/Desktop/Todo/Professional/School/UCSD/Quarters/Winter 2016/Courses/CSE 170/Labs/introHCI/Project/node_modules/jsdom
73 silly lockFile 16c92151-roHCI-Project-node-modules-jsdom tar:///Users/Santana/Desktop/Todo/Professional/School/UCSD/Quarters/Winter 2016/Courses/CSE 170/Labs/introHCI/Project/node_modules/jsdom
74 silly lockFile 115e9387-tana-npm-jsdom-3-1-2-package-tgz tar:///Users/Santana/.npm/jsdom/3.1.2/package.tgz
75 silly lockFile 115e9387-tana-npm-jsdom-3-1-2-package-tgz tar:///Users/Santana/.npm/jsdom/3.1.2/package.tgz
76 info preinstall jsdom@3.1.2
77 verbose readDependencies using package.json deps
78 verbose readDependencies using package.json deps
79 verbose cache add [ 'cssom@>= 0.3.0 < 0.4.0', null ]
80 verbose cache add name=undefined spec="cssom@>= 0.3.0 < 0.4.0" args=["cssom@>= 0.3.0 < 0.4.0",null]
81 verbose parsed url { protocol: null,
81 verbose parsed url   slashes: null,
81 verbose parsed url   auth: null,
81 verbose parsed url   host: null,
81 verbose parsed url   port: null,
81 verbose parsed url   hostname: null,
81 verbose parsed url   hash: null,
81 verbose parsed url   search: null,
81 verbose parsed url   query: null,
81 verbose parsed url   pathname: 'cssom@%3E=%200.3.0%20%3C%200.4.0',
81 verbose parsed url   path: 'cssom@%3E=%200.3.0%20%3C%200.4.0',
81 verbose parsed url   href: 'cssom@%3E=%200.3.0%20%3C%200.4.0' }
82 verbose cache add name="cssom" spec=">= 0.3.0 < 0.4.0" args=["cssom",">= 0.3.0 < 0.4.0"]
83 verbose parsed url { protocol: null,
83 verbose parsed url   slashes: null,
83 verbose parsed url   auth: null,
83 verbose parsed url   host: null,
83 verbose parsed url   port: null,
83 verbose parsed url   hostname: null,
83 verbose parsed url   hash: null,
83 verbose parsed url   search: null,
83 verbose parsed url   query: null,
83 verbose parsed url   pathname: '%3E=%200.3.0%20%3C%200.4.0',
83 verbose parsed url   path: '%3E=%200.3.0%20%3C%200.4.0',
83 verbose parsed url   href: '%3E=%200.3.0%20%3C%200.4.0' }
84 verbose addNamed [ 'cssom', '>= 0.3.0 < 0.4.0' ]
85 verbose addNamed [ null, '>=0.3.0 <0.4.0-0' ]
86 silly lockFile dc34acd9-cssom-0-3-0-0-4-0 cssom@>= 0.3.0 < 0.4.0
87 verbose lock cssom@>= 0.3.0 < 0.4.0 /Users/Santana/.npm/dc34acd9-cssom-0-3-0-0-4-0.lock
88 verbose cache add [ 'cssstyle@>= 0.2.21 < 0.3.0', null ]
89 verbose cache add name=undefined spec="cssstyle@>= 0.2.21 < 0.3.0" args=["cssstyle@>= 0.2.21 < 0.3.0",null]
90 verbose parsed url { protocol: null,
90 verbose parsed url   slashes: null,
90 verbose parsed url   auth: null,
90 verbose parsed url   host: null,
90 verbose parsed url   port: null,
90 verbose parsed url   hostname: null,
90 verbose parsed url   hash: null,
90 verbose parsed url   search: null,
90 verbose parsed url   query: null,
90 verbose parsed url   pathname: 'cssstyle@%3E=%200.2.21%20%3C%200.3.0',
90 verbose parsed url   path: 'cssstyle@%3E=%200.2.21%20%3C%200.3.0',
90 verbose parsed url   href: 'cssstyle@%3E=%200.2.21%20%3C%200.3.0' }
91 verbose cache add name="cssstyle" spec=">= 0.2.21 < 0.3.0" args=["cssstyle",">= 0.2.21 < 0.3.0"]
92 verbose parsed url { protocol: null,
92 verbose parsed url   slashes: null,
92 verbose parsed url   auth: null,
92 verbose parsed url   host: null,
92 verbose parsed url   port: null,
92 verbose parsed url   hostname: null,
92 verbose parsed url   hash: null,
92 verbose parsed url   search: null,
92 verbose parsed url   query: null,
92 verbose parsed url   pathname: '%3E=%200.2.21%20%3C%200.3.0',
92 verbose parsed url   path: '%3E=%200.2.21%20%3C%200.3.0',
92 verbose parsed url   href: '%3E=%200.2.21%20%3C%200.3.0' }
93 verbose addNamed [ 'cssstyle', '>= 0.2.21 < 0.3.0' ]
94 verbose addNamed [ null, '>=0.2.21 <0.3.0-0' ]
95 silly lockFile c80d3f95-cssstyle-0-2-21-0-3-0 cssstyle@>= 0.2.21 < 0.3.0
96 verbose lock cssstyle@>= 0.2.21 < 0.3.0 /Users/Santana/.npm/c80d3f95-cssstyle-0-2-21-0-3-0.lock
97 silly addNameRange { name: 'cssom', range: '>=0.3.0 <0.4.0-0', hasData: false }
98 verbose cache add [ 'parse5@>= 1.3.1 < 2.0.0', null ]
99 verbose cache add name=undefined spec="parse5@>= 1.3.1 < 2.0.0" args=["parse5@>= 1.3.1 < 2.0.0",null]
100 verbose parsed url { protocol: null,
100 verbose parsed url   slashes: null,
100 verbose parsed url   auth: null,
100 verbose parsed url   host: null,
100 verbose parsed url   port: null,
100 verbose parsed url   hostname: null,
100 verbose parsed url   hash: null,
100 verbose parsed url   search: null,
100 verbose parsed url   query: null,
100 verbose parsed url   pathname: 'parse5@%3E=%201.3.1%20%3C%202.0.0',
100 verbose parsed url   path: 'parse5@%3E=%201.3.1%20%3C%202.0.0',
100 verbose parsed url   href: 'parse5@%3E=%201.3.1%20%3C%202.0.0' }
101 verbose cache add name="parse5" spec=">= 1.3.1 < 2.0.0" args=["parse5",">= 1.3.1 < 2.0.0"]
102 verbose parsed url { protocol: null,
102 verbose parsed url   slashes: null,
102 verbose parsed url   auth: null,
102 verbose parsed url   host: null,
102 verbose parsed url   port: null,
102 verbose parsed url   hostname: null,
102 verbose parsed url   hash: null,
102 verbose parsed url   search: null,
102 verbose parsed url   query: null,
102 verbose parsed url   pathname: '%3E=%201.3.1%20%3C%202.0.0',
102 verbose parsed url   path: '%3E=%201.3.1%20%3C%202.0.0',
102 verbose parsed url   href: '%3E=%201.3.1%20%3C%202.0.0' }
103 verbose addNamed [ 'parse5', '>= 1.3.1 < 2.0.0' ]
104 verbose addNamed [ null, '>=1.3.1 <2.0.0-0' ]
105 silly lockFile 4245d8c8-parse5-1-3-1-2-0-0 parse5@>= 1.3.1 < 2.0.0
106 verbose lock parse5@>= 1.3.1 < 2.0.0 /Users/Santana/.npm/4245d8c8-parse5-1-3-1-2-0-0.lock
107 verbose cache add [ 'htmlparser2@>= 3.7.3 < 4.0.0', null ]
108 verbose cache add name=undefined spec="htmlparser2@>= 3.7.3 < 4.0.0" args=["htmlparser2@>= 3.7.3 < 4.0.0",null]
109 verbose parsed url { protocol: null,
109 verbose parsed url   slashes: null,
109 verbose parsed url   auth: null,
109 verbose parsed url   host: null,
109 verbose parsed url   port: null,
109 verbose parsed url   hostname: null,
109 verbose parsed url   hash: null,
109 verbose parsed url   search: null,
109 verbose parsed url   query: null,
109 verbose parsed url   pathname: 'htmlparser2@%3E=%203.7.3%20%3C%204.0.0',
109 verbose parsed url   path: 'htmlparser2@%3E=%203.7.3%20%3C%204.0.0',
109 verbose parsed url   href: 'htmlparser2@%3E=%203.7.3%20%3C%204.0.0' }
110 verbose cache add name="htmlparser2" spec=">= 3.7.3 < 4.0.0" args=["htmlparser2",">= 3.7.3 < 4.0.0"]
111 verbose parsed url { protocol: null,
111 verbose parsed url   slashes: null,
111 verbose parsed url   auth: null,
111 verbose parsed url   host: null,
111 verbose parsed url   port: null,
111 verbose parsed url   hostname: null,
111 verbose parsed url   hash: null,
111 verbose parsed url   search: null,
111 verbose parsed url   query: null,
111 verbose parsed url   pathname: '%3E=%203.7.3%20%3C%204.0.0',
111 verbose parsed url   path: '%3E=%203.7.3%20%3C%204.0.0',
111 verbose parsed url   href: '%3E=%203.7.3%20%3C%204.0.0' }
112 verbose addNamed [ 'htmlparser2', '>= 3.7.3 < 4.0.0' ]
113 verbose addNamed [ null, '>=3.7.3 <4.0.0-0' ]
114 silly lockFile 5bbfaadc-htmlparser2-3-7-3-4-0-0 htmlparser2@>= 3.7.3 < 4.0.0
115 verbose lock htmlparser2@>= 3.7.3 < 4.0.0 /Users/Santana/.npm/5bbfaadc-htmlparser2-3-7-3-4-0-0.lock
116 verbose cache add [ 'nwmatcher@>= 1.3.4 < 2.0.0', null ]
117 verbose cache add name=undefined spec="nwmatcher@>= 1.3.4 < 2.0.0" args=["nwmatcher@>= 1.3.4 < 2.0.0",null]
118 verbose parsed url { protocol: null,
118 verbose parsed url   slashes: null,
118 verbose parsed url   auth: null,
118 verbose parsed url   host: null,
118 verbose parsed url   port: null,
118 verbose parsed url   hostname: null,
118 verbose parsed url   hash: null,
118 verbose parsed url   search: null,
118 verbose parsed url   query: null,
118 verbose parsed url   pathname: 'nwmatcher@%3E=%201.3.4%20%3C%202.0.0',
118 verbose parsed url   path: 'nwmatcher@%3E=%201.3.4%20%3C%202.0.0',
118 verbose parsed url   href: 'nwmatcher@%3E=%201.3.4%20%3C%202.0.0' }
119 verbose cache add name="nwmatcher" spec=">= 1.3.4 < 2.0.0" args=["nwmatcher",">= 1.3.4 < 2.0.0"]
120 verbose parsed url { protocol: null,
120 verbose parsed url   slashes: null,
120 verbose parsed url   auth: null,
120 verbose parsed url   host: null,
120 verbose parsed url   port: null,
120 verbose parsed url   hostname: null,
120 verbose parsed url   hash: null,
120 verbose parsed url   search: null,
120 verbose parsed url   query: null,
120 verbose parsed url   pathname: '%3E=%201.3.4%20%3C%202.0.0',
120 verbose parsed url   path: '%3E=%201.3.4%20%3C%202.0.0',
120 verbose parsed url   href: '%3E=%201.3.4%20%3C%202.0.0' }
121 verbose addNamed [ 'nwmatcher', '>= 1.3.4 < 2.0.0' ]
122 verbose addNamed [ null, '>=1.3.4 <2.0.0-0' ]
123 silly lockFile a94ebc4b-nwmatcher-1-3-4-2-0-0 nwmatcher@>= 1.3.4 < 2.0.0
124 verbose lock nwmatcher@>= 1.3.4 < 2.0.0 /Users/Santana/.npm/a94ebc4b-nwmatcher-1-3-4-2-0-0.lock
125 verbose cache add [ 'request@>= 2.44.0 < 3.0.0', null ]
126 verbose cache add name=undefined spec="request@>= 2.44.0 < 3.0.0" args=["request@>= 2.44.0 < 3.0.0",null]
127 verbose parsed url { protocol: null,
127 verbose parsed url   slashes: null,
127 verbose parsed url   auth: null,
127 verbose parsed url   host: null,
127 verbose parsed url   port: null,
127 verbose parsed url   hostname: null,
127 verbose parsed url   hash: null,
127 verbose parsed url   search: null,
127 verbose parsed url   query: null,
127 verbose parsed url   pathname: 'request@%3E=%202.44.0%20%3C%203.0.0',
127 verbose parsed url   path: 'request@%3E=%202.44.0%20%3C%203.0.0',
127 verbose parsed url   href: 'request@%3E=%202.44.0%20%3C%203.0.0' }
128 verbose cache add name="request" spec=">= 2.44.0 < 3.0.0" args=["request",">= 2.44.0 < 3.0.0"]
129 verbose parsed url { protocol: null,
129 verbose parsed url   slashes: null,
129 verbose parsed url   auth: null,
129 verbose parsed url   host: null,
129 verbose parsed url   port: null,
129 verbose parsed url   hostname: null,
129 verbose parsed url   hash: null,
129 verbose parsed url   search: null,
129 verbose parsed url   query: null,
129 verbose parsed url   pathname: '%3E=%202.44.0%20%3C%203.0.0',
129 verbose parsed url   path: '%3E=%202.44.0%20%3C%203.0.0',
129 verbose parsed url   href: '%3E=%202.44.0%20%3C%203.0.0' }
130 verbose addNamed [ 'request', '>= 2.44.0 < 3.0.0' ]
131 verbose addNamed [ null, '>=2.44.0 <3.0.0-0' ]
132 silly lockFile 68df209d-request-2-44-0-3-0-0 request@>= 2.44.0 < 3.0.0
133 verbose lock request@>= 2.44.0 < 3.0.0 /Users/Santana/.npm/68df209d-request-2-44-0-3-0-0.lock
134 silly addNameRange { name: 'cssstyle', range: '>=0.2.21 <0.3.0-0', hasData: false }
135 verbose cache add [ 'xml-name-validator@^1.0.0', null ]
136 verbose cache add name=undefined spec="xml-name-validator@^1.0.0" args=["xml-name-validator@^1.0.0",null]
137 verbose parsed url { protocol: null,
137 verbose parsed url   slashes: null,
137 verbose parsed url   auth: null,
137 verbose parsed url   host: null,
137 verbose parsed url   port: null,
137 verbose parsed url   hostname: null,
137 verbose parsed url   hash: null,
137 verbose parsed url   search: null,
137 verbose parsed url   query: null,
137 verbose parsed url   pathname: 'xml-name-validator@^1.0.0',
137 verbose parsed url   path: 'xml-name-validator@^1.0.0',
137 verbose parsed url   href: 'xml-name-validator@^1.0.0' }
138 verbose cache add name="xml-name-validator" spec="^1.0.0" args=["xml-name-validator","^1.0.0"]
139 verbose parsed url { protocol: null,
139 verbose parsed url   slashes: null,
139 verbose parsed url   auth: null,
139 verbose parsed url   host: null,
139 verbose parsed url   port: null,
139 verbose parsed url   hostname: null,
139 verbose parsed url   hash: null,
139 verbose parsed url   search: null,
139 verbose parsed url   query: null,
139 verbose parsed url   pathname: '^1.0.0',
139 verbose parsed url   path: '^1.0.0',
139 verbose parsed url   href: '^1.0.0' }
140 verbose addNamed [ 'xml-name-validator', '^1.0.0' ]
141 verbose addNamed [ null, null ]
142 silly lockFile e3f63526-xml-name-validator-1-0-0 xml-name-validator@^1.0.0
143 verbose lock xml-name-validator@^1.0.0 /Users/Santana/.npm/e3f63526-xml-name-validator-1-0-0.lock
144 verbose cache add [ 'xmlhttprequest@>= 1.6.0 < 2.0.0', null ]
145 verbose cache add name=undefined spec="xmlhttprequest@>= 1.6.0 < 2.0.0" args=["xmlhttprequest@>= 1.6.0 < 2.0.0",null]
146 verbose parsed url { protocol: null,
146 verbose parsed url   slashes: null,
146 verbose parsed url   auth: null,
146 verbose parsed url   host: null,
146 verbose parsed url   port: null,
146 verbose parsed url   hostname: null,
146 verbose parsed url   hash: null,
146 verbose parsed url   search: null,
146 verbose parsed url   query: null,
146 verbose parsed url   pathname: 'xmlhttprequest@%3E=%201.6.0%20%3C%202.0.0',
146 verbose parsed url   path: 'xmlhttprequest@%3E=%201.6.0%20%3C%202.0.0',
146 verbose parsed url   href: 'xmlhttprequest@%3E=%201.6.0%20%3C%202.0.0' }
147 verbose cache add name="xmlhttprequest" spec=">= 1.6.0 < 2.0.0" args=["xmlhttprequest",">= 1.6.0 < 2.0.0"]
148 verbose parsed url { protocol: null,
148 verbose parsed url   slashes: null,
148 verbose parsed url   auth: null,
148 verbose parsed url   host: null,
148 verbose parsed url   port: null,
148 verbose parsed url   hostname: null,
148 verbose parsed url   hash: null,
148 verbose parsed url   search: null,
148 verbose parsed url   query: null,
148 verbose parsed url   pathname: '%3E=%201.6.0%20%3C%202.0.0',
148 verbose parsed url   path: '%3E=%201.6.0%20%3C%202.0.0',
148 verbose parsed url   href: '%3E=%201.6.0%20%3C%202.0.0' }
149 verbose addNamed [ 'xmlhttprequest', '>= 1.6.0 < 2.0.0' ]
150 verbose addNamed [ null, '>=1.6.0 <2.0.0-0' ]
151 silly lockFile 6b9cd825-xmlhttprequest-1-6-0-2-0-0 xmlhttprequest@>= 1.6.0 < 2.0.0
152 verbose lock xmlhttprequest@>= 1.6.0 < 2.0.0 /Users/Santana/.npm/6b9cd825-xmlhttprequest-1-6-0-2-0-0.lock
153 verbose cache add [ 'acorn-globals@^1.0.2', null ]
154 verbose cache add name=undefined spec="acorn-globals@^1.0.2" args=["acorn-globals@^1.0.2",null]
155 verbose parsed url { protocol: null,
155 verbose parsed url   slashes: null,
155 verbose parsed url   auth: null,
155 verbose parsed url   host: null,
155 verbose parsed url   port: null,
155 verbose parsed url   hostname: null,
155 verbose parsed url   hash: null,
155 verbose parsed url   search: null,
155 verbose parsed url   query: null,
155 verbose parsed url   pathname: 'acorn-globals@^1.0.2',
155 verbose parsed url   path: 'acorn-globals@^1.0.2',
155 verbose parsed url   href: 'acorn-globals@^1.0.2' }
156 verbose cache add name="acorn-globals" spec="^1.0.2" args=["acorn-globals","^1.0.2"]
157 verbose parsed url { protocol: null,
157 verbose parsed url   slashes: null,
157 verbose parsed url   auth: null,
157 verbose parsed url   host: null,
157 verbose parsed url   port: null,
157 verbose parsed url   hostname: null,
157 verbose parsed url   hash: null,
157 verbose parsed url   search: null,
157 verbose parsed url   query: null,
157 verbose parsed url   pathname: '^1.0.2',
157 verbose parsed url   path: '^1.0.2',
157 verbose parsed url   href: '^1.0.2' }
158 verbose addNamed [ 'acorn-globals', '^1.0.2' ]
159 verbose addNamed [ null, null ]
160 silly lockFile 5cff3542-acorn-globals-1-0-2 acorn-globals@^1.0.2
161 verbose lock acorn-globals@^1.0.2 /Users/Santana/.npm/5cff3542-acorn-globals-1-0-2.lock
162 verbose cache add [ 'acorn@0.11.0', null ]
163 verbose cache add name=undefined spec="acorn@0.11.0" args=["acorn@0.11.0",null]
164 verbose parsed url { protocol: null,
164 verbose parsed url   slashes: null,
164 verbose parsed url   auth: null,
164 verbose parsed url   host: null,
164 verbose parsed url   port: null,
164 verbose parsed url   hostname: null,
164 verbose parsed url   hash: null,
164 verbose parsed url   search: null,
164 verbose parsed url   query: null,
164 verbose parsed url   pathname: 'acorn@0.11.0',
164 verbose parsed url   path: 'acorn@0.11.0',
164 verbose parsed url   href: 'acorn@0.11.0' }
165 verbose cache add name="acorn" spec="0.11.0" args=["acorn","0.11.0"]
166 verbose parsed url { protocol: null,
166 verbose parsed url   slashes: null,
166 verbose parsed url   auth: null,
166 verbose parsed url   host: null,
166 verbose parsed url   port: null,
166 verbose parsed url   hostname: null,
166 verbose parsed url   hash: null,
166 verbose parsed url   search: null,
166 verbose parsed url   query: null,
166 verbose parsed url   pathname: '0.11.0',
166 verbose parsed url   path: '0.11.0',
166 verbose parsed url   href: '0.11.0' }
167 verbose addNamed [ 'acorn', '0.11.0' ]
168 verbose addNamed [ '0.11.0', '0.11.0' ]
169 silly lockFile 548f57e7-acorn-0-11-0 acorn@0.11.0
170 verbose lock acorn@0.11.0 /Users/Santana/.npm/548f57e7-acorn-0-11-0.lock
171 verbose cache add [ 'escodegen@^1.6.1', null ]
172 verbose cache add name=undefined spec="escodegen@^1.6.1" args=["escodegen@^1.6.1",null]
173 verbose parsed url { protocol: null,
173 verbose parsed url   slashes: null,
173 verbose parsed url   auth: null,
173 verbose parsed url   host: null,
173 verbose parsed url   port: null,
173 verbose parsed url   hostname: null,
173 verbose parsed url   hash: null,
173 verbose parsed url   search: null,
173 verbose parsed url   query: null,
173 verbose parsed url   pathname: 'escodegen@^1.6.1',
173 verbose parsed url   path: 'escodegen@^1.6.1',
173 verbose parsed url   href: 'escodegen@^1.6.1' }
174 verbose cache add name="escodegen" spec="^1.6.1" args=["escodegen","^1.6.1"]
175 verbose parsed url { protocol: null,
175 verbose parsed url   slashes: null,
175 verbose parsed url   auth: null,
175 verbose parsed url   host: null,
175 verbose parsed url   port: null,
175 verbose parsed url   hostname: null,
175 verbose parsed url   hash: null,
175 verbose parsed url   search: null,
175 verbose parsed url   query: null,
175 verbose parsed url   pathname: '^1.6.1',
175 verbose parsed url   path: '^1.6.1',
175 verbose parsed url   href: '^1.6.1' }
176 verbose addNamed [ 'escodegen', '^1.6.1' ]
177 verbose addNamed [ null, null ]
178 silly lockFile df6ab24c-escodegen-1-6-1 escodegen@^1.6.1
179 verbose lock escodegen@^1.6.1 /Users/Santana/.npm/df6ab24c-escodegen-1-6-1.lock
180 silly addNameRange { name: 'parse5', range: '>=1.3.1 <2.0.0-0', hasData: false }
181 silly addNameRange { name: 'htmlparser2',
181 silly addNameRange   range: '>=3.7.3 <4.0.0-0',
181 silly addNameRange   hasData: false }
182 silly addNameRange { name: 'nwmatcher', range: '>=1.3.4 <2.0.0-0', hasData: false }
183 verbose cache add [ 'browser-request@>= 0.3.1 < 0.4.0', null ]
184 verbose cache add name=undefined spec="browser-request@>= 0.3.1 < 0.4.0" args=["browser-request@>= 0.3.1 < 0.4.0",null]
185 verbose parsed url { protocol: null,
185 verbose parsed url   slashes: null,
185 verbose parsed url   auth: null,
185 verbose parsed url   host: null,
185 verbose parsed url   port: null,
185 verbose parsed url   hostname: null,
185 verbose parsed url   hash: null,
185 verbose parsed url   search: null,
185 verbose parsed url   query: null,
185 verbose parsed url   pathname: 'browser-request@%3E=%200.3.1%20%3C%200.4.0',
185 verbose parsed url   path: 'browser-request@%3E=%200.3.1%20%3C%200.4.0',
185 verbose parsed url   href: 'browser-request@%3E=%200.3.1%20%3C%200.4.0' }
186 verbose cache add name="browser-request" spec=">= 0.3.1 < 0.4.0" args=["browser-request",">= 0.3.1 < 0.4.0"]
187 verbose parsed url { protocol: null,
187 verbose parsed url   slashes: null,
187 verbose parsed url   auth: null,
187 verbose parsed url   host: null,
187 verbose parsed url   port: null,
187 verbose parsed url   hostname: null,
187 verbose parsed url   hash: null,
187 verbose parsed url   search: null,
187 verbose parsed url   query: null,
187 verbose parsed url   pathname: '%3E=%200.3.1%20%3C%200.4.0',
187 verbose parsed url   path: '%3E=%200.3.1%20%3C%200.4.0',
187 verbose parsed url   href: '%3E=%200.3.1%20%3C%200.4.0' }
188 verbose addNamed [ 'browser-request', '>= 0.3.1 < 0.4.0' ]
189 verbose addNamed [ null, '>=0.3.1 <0.4.0-0' ]
190 silly lockFile c4da83da-browser-request-0-3-1-0-4-0 browser-request@>= 0.3.1 < 0.4.0
191 verbose lock browser-request@>= 0.3.1 < 0.4.0 /Users/Santana/.npm/c4da83da-browser-request-0-3-1-0-4-0.lock
192 verbose cache add [ 'contextify@>= 0.1.9 < 0.2.0', null ]
193 verbose cache add name=undefined spec="contextify@>= 0.1.9 < 0.2.0" args=["contextify@>= 0.1.9 < 0.2.0",null]
194 verbose parsed url { protocol: null,
194 verbose parsed url   slashes: null,
194 verbose parsed url   auth: null,
194 verbose parsed url   host: null,
194 verbose parsed url   port: null,
194 verbose parsed url   hostname: null,
194 verbose parsed url   hash: null,
194 verbose parsed url   search: null,
194 verbose parsed url   query: null,
194 verbose parsed url   pathname: 'contextify@%3E=%200.1.9%20%3C%200.2.0',
194 verbose parsed url   path: 'contextify@%3E=%200.1.9%20%3C%200.2.0',
194 verbose parsed url   href: 'contextify@%3E=%200.1.9%20%3C%200.2.0' }
195 verbose cache add name="contextify" spec=">= 0.1.9 < 0.2.0" args=["contextify",">= 0.1.9 < 0.2.0"]
196 verbose parsed url { protocol: null,
196 verbose parsed url   slashes: null,
196 verbose parsed url   auth: null,
196 verbose parsed url   host: null,
196 verbose parsed url   port: null,
196 verbose parsed url   hostname: null,
196 verbose parsed url   hash: null,
196 verbose parsed url   search: null,
196 verbose parsed url   query: null,
196 verbose parsed url   pathname: '%3E=%200.1.9%20%3C%200.2.0',
196 verbose parsed url   path: '%3E=%200.1.9%20%3C%200.2.0',
196 verbose parsed url   href: '%3E=%200.1.9%20%3C%200.2.0' }
197 verbose addNamed [ 'contextify', '>= 0.1.9 < 0.2.0' ]
198 verbose addNamed [ null, '>=0.1.9 <0.2.0-0' ]
199 silly lockFile e78ca166-contextify-0-1-9-0-2-0 contextify@>= 0.1.9 < 0.2.0
200 verbose lock contextify@>= 0.1.9 < 0.2.0 /Users/Santana/.npm/e78ca166-contextify-0-1-9-0-2-0.lock
201 silly addNameRange { name: 'request', range: '>=2.44.0 <3.0.0-0', hasData: false }
202 info addNameTag [ 'xml-name-validator', '^1.0.0' ]
203 silly addNameRange { name: 'xmlhttprequest',
203 silly addNameRange   range: '>=1.6.0 <2.0.0-0',
203 silly addNameRange   hasData: false }
204 info addNameTag [ 'acorn-globals', '^1.0.2' ]
205 info addNameTag [ 'escodegen', '^1.6.1' ]
206 silly addNameRange { name: 'browser-request',
206 silly addNameRange   range: '>=0.3.1 <0.4.0-0',
206 silly addNameRange   hasData: false }
207 silly addNameRange { name: 'contextify', range: '>=0.1.9 <0.2.0-0', hasData: false }
208 verbose url raw cssom
209 verbose url resolving [ 'https://registry.npmjs.org/', './cssom' ]
210 verbose url resolved https://registry.npmjs.org/cssom
211 info trying registry request attempt 1 at 22:58:35
212 verbose etag "CSW153TFCD8MR3FFOV3SFVIEB"
213 http GET https://registry.npmjs.org/cssom
214 verbose url raw nwmatcher
215 verbose url resolving [ 'https://registry.npmjs.org/', './nwmatcher' ]
216 verbose url resolved https://registry.npmjs.org/nwmatcher
217 info trying registry request attempt 1 at 22:58:35
218 verbose etag "DBCFX9P63WZL79OQ23QQVHWLX"
219 http GET https://registry.npmjs.org/nwmatcher
220 verbose url raw cssstyle
221 verbose url resolving [ 'https://registry.npmjs.org/', './cssstyle' ]
222 verbose url resolved https://registry.npmjs.org/cssstyle
223 info trying registry request attempt 1 at 22:58:35
224 verbose etag "ER4O5EPQOVCMDDC8V3QG1RPHO"
225 http GET https://registry.npmjs.org/cssstyle
226 verbose url raw xml-name-validator
227 verbose url resolving [ 'https://registry.npmjs.org/', './xml-name-validator' ]
228 verbose url resolved https://registry.npmjs.org/xml-name-validator
229 info trying registry request attempt 1 at 22:58:35
230 verbose etag "961TRT5JYGV2ZLO153NT6S80P"
231 http GET https://registry.npmjs.org/xml-name-validator
232 verbose url raw parse5
233 verbose url resolving [ 'https://registry.npmjs.org/', './parse5' ]
234 verbose url resolved https://registry.npmjs.org/parse5
235 info trying registry request attempt 1 at 22:58:35
236 verbose etag "LDOB5U9J72LOCUC46A6DRIM1"
237 http GET https://registry.npmjs.org/parse5
238 verbose url raw xmlhttprequest
239 verbose url resolving [ 'https://registry.npmjs.org/', './xmlhttprequest' ]
240 verbose url resolved https://registry.npmjs.org/xmlhttprequest
241 info trying registry request attempt 1 at 22:58:35
242 verbose etag "BXKK7NPTAZLB11DQ5QO0QWCKV"
243 http GET https://registry.npmjs.org/xmlhttprequest
244 verbose url raw acorn/0.11.0
245 verbose url resolving [ 'https://registry.npmjs.org/', './acorn/0.11.0' ]
246 verbose url resolved https://registry.npmjs.org/acorn/0.11.0
247 info trying registry request attempt 1 at 22:58:35
248 verbose etag "DJ4JASB4GKHUOGV4ARR9JA7D9"
249 http GET https://registry.npmjs.org/acorn/0.11.0
250 verbose url raw acorn-globals
251 verbose url resolving [ 'https://registry.npmjs.org/', './acorn-globals' ]
252 verbose url resolved https://registry.npmjs.org/acorn-globals
253 info trying registry request attempt 1 at 22:58:35
254 verbose etag "9NL8ZPFNZDMI4S1Z9W0UP9F1Q"
255 http GET https://registry.npmjs.org/acorn-globals
256 verbose url raw htmlparser2
257 verbose url resolving [ 'https://registry.npmjs.org/', './htmlparser2' ]
258 verbose url resolved https://registry.npmjs.org/htmlparser2
259 info trying registry request attempt 1 at 22:58:35
260 verbose etag "9U2EOHZDAFY9HK26LYJZ3E6LP"
261 http GET https://registry.npmjs.org/htmlparser2
262 verbose url raw browser-request
263 verbose url resolving [ 'https://registry.npmjs.org/', './browser-request' ]
264 verbose url resolved https://registry.npmjs.org/browser-request
265 info trying registry request attempt 1 at 22:58:35
266 verbose etag "DZ8PQM8ARBISURF46IV7FRUGQ"
267 http GET https://registry.npmjs.org/browser-request
268 verbose url raw contextify
269 verbose url resolving [ 'https://registry.npmjs.org/', './contextify' ]
270 verbose url resolved https://registry.npmjs.org/contextify
271 info trying registry request attempt 1 at 22:58:35
272 verbose etag "29DTT4NN7JEGUNKCLT4JM9WG1"
273 http GET https://registry.npmjs.org/contextify
274 verbose url raw escodegen
275 verbose url resolving [ 'https://registry.npmjs.org/', './escodegen' ]
276 verbose url resolved https://registry.npmjs.org/escodegen
277 info trying registry request attempt 1 at 22:58:35
278 verbose etag "AAQPEJIN6Z031CNR2NRCKQ6SG"
279 http GET https://registry.npmjs.org/escodegen
280 http 304 https://registry.npmjs.org/cssom
281 silly registry.get cb [ 304,
281 silly registry.get   { date: 'Fri, 12 Feb 2016 06:58:35 GMT',
281 silly registry.get     via: '1.1 varnish',
281 silly registry.get     'cache-control': 'max-age=300',
281 silly registry.get     etag: '"CSW153TFCD8MR3FFOV3SFVIEB"',
281 silly registry.get     age: '3',
281 silly registry.get     connection: 'keep-alive',
281 silly registry.get     'x-served-by': 'cache-sjc3127-SJC',
281 silly registry.get     'x-cache': 'HIT',
281 silly registry.get     'x-cache-hits': '1',
281 silly registry.get     'x-timer': 'S1455260315.768418,VS0,VE0',
281 silly registry.get     vary: 'Accept' } ]
282 verbose etag cssom from cache
283 http 304 https://registry.npmjs.org/cssstyle
284 silly registry.get cb [ 304,
284 silly registry.get   { date: 'Fri, 12 Feb 2016 06:58:35 GMT',
284 silly registry.get     via: '1.1 varnish',
284 silly registry.get     'cache-control': 'max-age=300',
284 silly registry.get     etag: '"ER4O5EPQOVCMDDC8V3QG1RPHO"',
284 silly registry.get     age: '184',
284 silly registry.get     connection: 'keep-alive',
284 silly registry.get     'x-served-by': 'cache-sjc3123-SJC',
284 silly registry.get     'x-cache': 'HIT',
284 silly registry.get     'x-cache-hits': '1',
284 silly registry.get     'x-timer': 'S1455260315.767993,VS0,VE0',
284 silly registry.get     vary: 'Accept' } ]
285 verbose etag cssstyle from cache
286 http 304 https://registry.npmjs.org/nwmatcher
287 silly registry.get cb [ 304,
287 silly registry.get   { date: 'Fri, 12 Feb 2016 06:58:35 GMT',
287 silly registry.get     via: '1.1 varnish',
287 silly registry.get     'cache-control': 'max-age=300',
287 silly registry.get     etag: '"DBCFX9P63WZL79OQ23QQVHWLX"',
287 silly registry.get     age: '183',
287 silly registry.get     connection: 'keep-alive',
287 silly registry.get     'x-served-by': 'cache-sjc3124-SJC',
287 silly registry.get     'x-cache': 'HIT',
287 silly registry.get     'x-cache-hits': '3',
287 silly registry.get     'x-timer': 'S1455260315.771124,VS0,VE0',
287 silly registry.get     vary: 'Accept' } ]
288 verbose etag nwmatcher from cache
289 http 304 https://registry.npmjs.org/parse5
290 silly registry.get cb [ 304,
290 silly registry.get   { date: 'Fri, 12 Feb 2016 06:58:35 GMT',
290 silly registry.get     via: '1.1 varnish',
290 silly registry.get     'cache-control': 'max-age=300',
290 silly registry.get     etag: '"LDOB5U9J72LOCUC46A6DRIM1"',
290 silly registry.get     age: '3',
290 silly registry.get     connection: 'keep-alive',
290 silly registry.get     'x-served-by': 'cache-sjc3135-SJC',
290 silly registry.get     'x-cache': 'HIT',
290 silly registry.get     'x-cache-hits': '1',
290 silly registry.get     'x-timer': 'S1455260315.774556,VS0,VE0',
290 silly registry.get     vary: 'Accept' } ]
291 verbose etag parse5 from cache
292 http 304 https://registry.npmjs.org/xml-name-validator
293 silly registry.get cb [ 304,
293 silly registry.get   { date: 'Fri, 12 Feb 2016 06:58:35 GMT',
293 silly registry.get     via: '1.1 varnish',
293 silly registry.get     'cache-control': 'max-age=300',
293 silly registry.get     etag: '"961TRT5JYGV2ZLO153NT6S80P"',
293 silly registry.get     age: '3',
293 silly registry.get     connection: 'keep-alive',
293 silly registry.get     'x-served-by': 'cache-sjc3132-SJC',
293 silly registry.get     'x-cache': 'HIT',
293 silly registry.get     'x-cache-hits': '1',
293 silly registry.get     'x-timer': 'S1455260315.775570,VS0,VE0',
293 silly registry.get     vary: 'Accept' } ]
294 verbose etag xml-name-validator from cache
295 http 304 https://registry.npmjs.org/xmlhttprequest
296 silly registry.get cb [ 304,
296 silly registry.get   { date: 'Fri, 12 Feb 2016 06:58:35 GMT',
296 silly registry.get     via: '1.1 varnish',
296 silly registry.get     'cache-control': 'max-age=300',
296 silly registry.get     etag: '"BXKK7NPTAZLB11DQ5QO0QWCKV"',
296 silly registry.get     age: '211',
296 silly registry.get     connection: 'keep-alive',
296 silly registry.get     'x-served-by': 'cache-sjc3127-SJC',
296 silly registry.get     'x-cache': 'HIT',
296 silly registry.get     'x-cache-hits': '1',
296 silly registry.get     'x-timer': 'S1455260315.782789,VS0,VE0',
296 silly registry.get     vary: 'Accept' } ]
297 verbose etag xmlhttprequest from cache
298 silly addNameRange number 2 { name: 'cssom', range: '>=0.3.0 <0.4.0-0', hasData: true }
299 silly addNameRange versions [ 'cssom',
299 silly addNameRange   [ '0.2.0',
299 silly addNameRange     '0.2.1',
299 silly addNameRange     '0.2.2',
299 silly addNameRange     '0.2.3',
299 silly addNameRange     '0.2.4',
299 silly addNameRange     '0.2.5',
299 silly addNameRange     '0.3.0',
299 silly addNameRange     '0.3.1' ] ]
300 verbose addNamed [ 'cssom', '0.3.1' ]
301 verbose addNamed [ '0.3.1', '0.3.1' ]
302 silly lockFile 3e3df4d4-cssom-0-3-1 cssom@0.3.1
303 verbose lock cssom@0.3.1 /Users/Santana/.npm/3e3df4d4-cssom-0-3-1.lock
304 silly addNameRange number 2 { name: 'cssstyle', range: '>=0.2.21 <0.3.0-0', hasData: true }
305 silly addNameRange versions [ 'cssstyle',
305 silly addNameRange   [ '0.1.0',
305 silly addNameRange     '0.2.0',
305 silly addNameRange     '0.2.1',
305 silly addNameRange     '0.2.2',
305 silly addNameRange     '0.2.3',
305 silly addNameRange     '0.2.4',
305 silly addNameRange     '0.2.5',
305 silly addNameRange     '0.2.6',
305 silly addNameRange     '0.2.7',
305 silly addNameRange     '0.2.8',
305 silly addNameRange     '0.2.9',
305 silly addNameRange     '0.2.10',
305 silly addNameRange     '0.2.11',
305 silly addNameRange     '0.2.12',
305 silly addNameRange     '0.2.13',
305 silly addNameRange     '0.2.14',
305 silly addNameRange     '0.2.15',
305 silly addNameRange     '0.2.16',
305 silly addNameRange     '0.2.17',
305 silly addNameRange     '0.2.18',
305 silly addNameRange     '0.2.21',
305 silly addNameRange     '0.2.22',
305 silly addNameRange     '0.2.23',
305 silly addNameRange     '0.2.24',
305 silly addNameRange     '0.2.25',
305 silly addNameRange     '0.2.26',
305 silly addNameRange     '0.2.27',
305 silly addNameRange     '0.2.28',
305 silly addNameRange     '0.2.29',
305 silly addNameRange     '0.2.30',
305 silly addNameRange     '0.2.31',
305 silly addNameRange     '0.2.34' ] ]
306 verbose addNamed [ 'cssstyle', '0.2.34' ]
307 verbose addNamed [ '0.2.34', '0.2.34' ]
308 silly lockFile 184b5f59-cssstyle-0-2-34 cssstyle@0.2.34
309 verbose lock cssstyle@0.2.34 /Users/Santana/.npm/184b5f59-cssstyle-0-2-34.lock
310 http 304 https://registry.npmjs.org/acorn-globals
311 silly registry.get cb [ 304,
311 silly registry.get   { date: 'Fri, 12 Feb 2016 06:58:35 GMT',
311 silly registry.get     via: '1.1 varnish',
311 silly registry.get     'cache-control': 'max-age=300',
311 silly registry.get     etag: '"9NL8ZPFNZDMI4S1Z9W0UP9F1Q"',
311 silly registry.get     age: '32',
311 silly registry.get     connection: 'keep-alive',
311 silly registry.get     'x-served-by': 'cache-sjc3124-SJC',
311 silly registry.get     'x-cache': 'HIT',
311 silly registry.get     'x-cache-hits': '1',
311 silly registry.get     'x-timer': 'S1455260315.788901,VS0,VE0',
311 silly registry.get     vary: 'Accept' } ]
312 verbose etag acorn-globals from cache
313 silly addNameRange number 2 { name: 'nwmatcher', range: '>=1.3.4 <2.0.0-0', hasData: true }
314 silly addNameRange versions [ 'nwmatcher',
314 silly addNameRange   [ '1.2.5',
314 silly addNameRange     '1.3.0',
314 silly addNameRange     '1.3.1',
314 silly addNameRange     '1.3.2',
314 silly addNameRange     '1.3.3',
314 silly addNameRange     '1.3.4',
314 silly addNameRange     '1.3.5',
314 silly addNameRange     '1.3.6',
314 silly addNameRange     '1.3.7' ] ]
315 verbose addNamed [ 'nwmatcher', '1.3.7' ]
316 verbose addNamed [ '1.3.7', '1.3.7' ]
317 silly lockFile fc06c6de-nwmatcher-1-3-7 nwmatcher@1.3.7
318 verbose lock nwmatcher@1.3.7 /Users/Santana/.npm/fc06c6de-nwmatcher-1-3-7.lock
319 http 304 https://registry.npmjs.org/htmlparser2
320 silly registry.get cb [ 304,
320 silly registry.get   { date: 'Fri, 12 Feb 2016 06:58:35 GMT',
320 silly registry.get     via: '1.1 varnish',
320 silly registry.get     'cache-control': 'max-age=300',
320 silly registry.get     etag: '"9U2EOHZDAFY9HK26LYJZ3E6LP"',
320 silly registry.get     age: '212',
320 silly registry.get     connection: 'keep-alive',
320 silly registry.get     'x-served-by': 'cache-sjc3135-SJC',
320 silly registry.get     'x-cache': 'HIT',
320 silly registry.get     'x-cache-hits': '4',
320 silly registry.get     'x-timer': 'S1455260315.793331,VS0,VE0',
320 silly registry.get     vary: 'Accept' } ]
321 verbose etag htmlparser2 from cache
322 http 304 https://registry.npmjs.org/browser-request
323 silly registry.get cb [ 304,
323 silly registry.get   { date: 'Fri, 12 Feb 2016 06:58:35 GMT',
323 silly registry.get     via: '1.1 varnish',
323 silly registry.get     'cache-control': 'max-age=300',
323 silly registry.get     etag: '"DZ8PQM8ARBISURF46IV7FRUGQ"',
323 silly registry.get     age: '298',
323 silly registry.get     connection: 'keep-alive',
323 silly registry.get     'x-served-by': 'cache-sjc3132-SJC',
323 silly registry.get     'x-cache': 'HIT',
323 silly registry.get     'x-cache-hits': '2',
323 silly registry.get     'x-timer': 'S1455260315.793087,VS0,VE0',
323 silly registry.get     vary: 'Accept' } ]
324 verbose etag browser-request from cache
325 silly addNameRange number 2 { name: 'parse5', range: '>=1.3.1 <2.0.0-0', hasData: true }
326 silly addNameRange versions [ 'parse5',
326 silly addNameRange   [ '0.5.0',
326 silly addNameRange     '0.5.1',
326 silly addNameRange     '0.5.2',
326 silly addNameRange     '0.5.3',
326 silly addNameRange     '0.5.4',
326 silly addNameRange     '0.6.0',
326 silly addNameRange     '0.6.1',
326 silly addNameRange     '0.8.1',
326 silly addNameRange     '0.8.2',
326 silly addNameRange     '0.8.3',
326 silly addNameRange     '1.0.0',
326 silly addNameRange     '1.0.1',
326 silly addNameRange     '1.1.0',
326 silly addNameRange     '1.1.1',
326 silly addNameRange     '1.1.2',
326 silly addNameRange     '1.1.3',
326 silly addNameRange     '1.1.4',
326 silly addNameRange     '1.1.5',
326 silly addNameRange     '1.1.6',
326 silly addNameRange     '1.2.0',
326 silly addNameRange     '1.3.0',
326 silly addNameRange     '1.3.1',
326 silly addNameRange     '1.3.2',
326 silly addNameRange     '1.4.0',
326 silly addNameRange     '1.4.1',
326 silly addNameRange     '1.4.2',
326 silly addNameRange     '1.5.0',
326 silly addNameRange     '1.5.1',
326 silly addNameRange     '2.0.0',
326 silly addNameRange     '2.0.1',
326 silly addNameRange     '2.0.2',
326 silly addNameRange     '2.1.0',
326 silly addNameRange     '2.1.1',
326 silly addNameRange     '2.1.2',
326 silly addNameRange     '2.1.3',
326 silly addNameRange     '2.1.4',
326 silly addNameRange     '2.1.5' ] ]
327 verbose addNamed [ 'parse5', '1.5.1' ]
328 verbose addNamed [ '1.5.1', '1.5.1' ]
329 silly lockFile 7efd4da4-parse5-1-5-1 parse5@1.5.1
330 verbose lock parse5@1.5.1 /Users/Santana/.npm/7efd4da4-parse5-1-5-1.lock
331 silly lockFile e3f63526-xml-name-validator-1-0-0 xml-name-validator@^1.0.0
332 silly lockFile e3f63526-xml-name-validator-1-0-0 xml-name-validator@^1.0.0
333 verbose about to build /Users/Santana/Desktop/Todo/Professional/School/UCSD/Quarters/Winter 2016/Courses/CSE 170/Labs/introHCI/Project/node_modules/jsdom
334 info /Users/Santana/Desktop/Todo/Professional/School/UCSD/Quarters/Winter 2016/Courses/CSE 170/Labs/introHCI/Project/node_modules/jsdom unbuild
335 info preuninstall jsdom@3.1.2
336 http 304 https://registry.npmjs.org/contextify
337 silly registry.get cb [ 304,
337 silly registry.get   { date: 'Fri, 12 Feb 2016 06:58:35 GMT',
337 silly registry.get     via: '1.1 varnish',
337 silly registry.get     'cache-control': 'max-age=300',
337 silly registry.get     etag: '"29DTT4NN7JEGUNKCLT4JM9WG1"',
337 silly registry.get     age: '239',
337 silly registry.get     connection: 'keep-alive',
337 silly registry.get     'x-served-by': 'cache-sjc3127-SJC',
337 silly registry.get     'x-cache': 'HIT',
337 silly registry.get     'x-cache-hits': '2',
337 silly registry.get     'x-timer': 'S1455260315.801924,VS0,VE0',
337 silly registry.get     vary: 'Accept' } ]
338 verbose etag contextify from cache
339 http 304 https://registry.npmjs.org/escodegen
340 silly registry.get cb [ 304,
340 silly registry.get   { date: 'Fri, 12 Feb 2016 06:58:35 GMT',
340 silly registry.get     via: '1.1 varnish',
340 silly registry.get     'cache-control': 'max-age=300',
340 silly registry.get     etag: '"AAQPEJIN6Z031CNR2NRCKQ6SG"',
340 silly registry.get     age: '120',
340 silly registry.get     connection: 'keep-alive',
340 silly registry.get     'x-served-by': 'cache-sjc3124-SJC',
340 silly registry.get     'x-cache': 'HIT',
340 silly registry.get     'x-cache-hits': '2',
340 silly registry.get     'x-timer': 'S1455260315.804407,VS0,VE0',
340 silly registry.get     vary: 'Accept' } ]
341 verbose etag escodegen from cache
342 silly addNameRange number 2 { name: 'xmlhttprequest',
342 silly addNameRange   range: '>=1.6.0 <2.0.0-0',
342 silly addNameRange   hasData: true }
343 silly addNameRange versions [ 'xmlhttprequest',
343 silly addNameRange   [ '1.0.0',
343 silly addNameRange     '1.2.0',
343 silly addNameRange     '1.2.1',
343 silly addNameRange     '1.2.2',
343 silly addNameRange     '1.3.0',
343 silly addNameRange     '1.4.0',
343 silly addNameRange     '1.4.2',
343 silly addNameRange     '1.5.0',
343 silly addNameRange     '1.6.0',
343 silly addNameRange     '1.7.0',
343 silly addNameRange     '1.8.0' ] ]
344 verbose addNamed [ 'xmlhttprequest', '1.8.0' ]
345 verbose addNamed [ '1.8.0', '1.8.0' ]
346 silly lockFile 794fd46f-xmlhttprequest-1-8-0 xmlhttprequest@1.8.0
347 verbose lock xmlhttprequest@1.8.0 /Users/Santana/.npm/794fd46f-xmlhttprequest-1-8-0.lock
348 info uninstall jsdom@3.1.2
349 silly lockFile 5cff3542-acorn-globals-1-0-2 acorn-globals@^1.0.2
350 silly lockFile 5cff3542-acorn-globals-1-0-2 acorn-globals@^1.0.2
351 verbose true,/Users/Santana/Desktop/Todo/Professional/School/UCSD/Quarters/Winter 2016/Courses/CSE 170/Labs/introHCI/Project/node_modules,/Users/Santana/Desktop/Todo/Professional/School/UCSD/Quarters/Winter 2016/Courses/CSE 170/Labs/introHCI/Project/node_modules unbuild jsdom@3.1.2
352 info postuninstall jsdom@3.1.2
353 silly addNameRange number 2 { name: 'htmlparser2', range: '>=3.7.3 <4.0.0-0', hasData: true }
354 silly addNameRange versions [ 'htmlparser2',
354 silly addNameRange   [ '1.0.0',
354 silly addNameRange     '1.1.0',
354 silly addNameRange     '1.5.0',
354 silly addNameRange     '2.0.0',
354 silly addNameRange     '2.0.1',
354 silly addNameRange     '2.1.0',
354 silly addNameRange     '2.1.1',
354 silly addNameRange     '2.1.2',
354 silly addNameRange     '2.1.3',
354 silly addNameRange     '2.2.0',
354 silly addNameRange     '2.2.2',
354 silly addNameRange     '2.2.3',
354 silly addNameRange     '2.2.4',
354 silly addNameRange     '2.2.5',
354 silly addNameRange     '2.2.6',
354 silly addNameRange     '2.2.7',
354 silly addNameRange     '2.2.8',
354 silly addNameRange     '2.2.9',
354 silly addNameRange     '2.3.0',
354 silly addNameRange     '2.5.0',
354 silly addNameRange     '2.5.1',
354 silly addNameRange     '2.5.2',
354 silly addNameRange     '2.6.0',
354 silly addNameRange     '3.0.0',
354 silly addNameRange     '3.0.1',
354 silly addNameRange     '3.0.2',
354 silly addNameRange     '3.0.3',
354 silly addNameRange     '3.0.4',
354 silly addNameRange     '3.0.5',
354 silly addNameRange     '3.1.1',
354 silly addNameRange     '3.1.2',
354 silly addNameRange     '3.1.3',
354 silly addNameRange     '3.1.4',
354 silly addNameRange     '3.1.5',
354 silly addNameRange     '3.1.6',
354 silly addNameRange     '3.2.0',
354 silly addNameRange     '3.2.1',
354 silly addNameRange     '3.2.2',
354 silly addNameRange     '3.2.3',
354 silly addNameRange     '3.2.4',
354 silly addNameRange     '3.2.5',
354 silly addNameRange     '3.3.0',
354 silly addNameRange     '3.4.0',
354 silly addNameRange     '3.5.0',
354 silly addNameRange     '3.5.1',
354 silly addNameRange     '3.6.0',
354 silly addNameRange     '3.7.0',
354 silly addNameRange     '3.7.1',
354 silly addNameRange     '3.7.2',
354 silly addNameRange     '3.7.3',
354 silly addNameRange     '3.8.0',
354 silly addNameRange     '3.8.1',
354 silly addNameRange     '3.8.2',
354 silly addNameRange     '3.8.3',
354 silly addNameRange     '3.9.0' ] ]
355 verbose addNamed [ 'htmlparser2', '3.9.0' ]
356 verbose addNamed [ '3.9.0', '3.9.0' ]
357 silly lockFile 4b679b35-htmlparser2-3-9-0 htmlparser2@3.9.0
358 verbose lock htmlparser2@3.9.0 /Users/Santana/.npm/4b679b35-htmlparser2-3-9-0.lock
359 silly addNameRange number 2 { name: 'browser-request',
359 silly addNameRange   range: '>=0.3.1 <0.4.0-0',
359 silly addNameRange   hasData: true }
360 silly addNameRange versions [ 'browser-request',
360 silly addNameRange   [ '0.1.0-beta1',
360 silly addNameRange     '0.1.0-beta2',
360 silly addNameRange     '0.1.0',
360 silly addNameRange     '0.2.0',
360 silly addNameRange     '0.2.1',
360 silly addNameRange     '0.3.0',
360 silly addNameRange     '0.3.1',
360 silly addNameRange     '0.3.2',
360 silly addNameRange     '0.3.3' ] ]
361 verbose addNamed [ 'browser-request', '0.3.3' ]
362 verbose addNamed [ '0.3.3', '0.3.3' ]
363 silly lockFile 88d98ada-browser-request-0-3-3 browser-request@0.3.3
364 verbose lock browser-request@0.3.3 /Users/Santana/.npm/88d98ada-browser-request-0-3-3.lock
365 verbose url raw request
366 verbose url resolving [ 'https://registry.npmjs.org/', './request' ]
367 verbose url resolved https://registry.npmjs.org/request
368 info trying registry request attempt 1 at 22:58:35
369 verbose etag "8U5LLO50T7X5QJ8951IT9VRT4"
370 http GET https://registry.npmjs.org/request
371 silly addNameRange number 2 { name: 'contextify', range: '>=0.1.9 <0.2.0-0', hasData: true }
372 silly addNameRange versions [ 'contextify',
372 silly addNameRange   [ '0.0.2',
372 silly addNameRange     '0.0.3',
372 silly addNameRange     '0.0.4',
372 silly addNameRange     '0.0.5',
372 silly addNameRange     '0.0.6',
372 silly addNameRange     '0.0.7',
372 silly addNameRange     '0.1.0',
372 silly addNameRange     '0.1.1',
372 silly addNameRange     '0.1.2',
372 silly addNameRange     '0.1.3',
372 silly addNameRange     '0.1.4',
372 silly addNameRange     '0.1.5',
372 silly addNameRange     '0.1.6',
372 silly addNameRange     '0.1.7',
372 silly addNameRange     '0.1.8',
372 silly addNameRange     '0.1.9',
372 silly addNameRange     '0.1.10',
372 silly addNameRange     '0.1.11',
372 silly addNameRange     '0.1.12',
372 silly addNameRange     '0.1.13',
372 silly addNameRange     '0.1.14',
372 silly addNameRange     '0.1.15' ] ]
373 verbose addNamed [ 'contextify', '0.1.15' ]
374 verbose addNamed [ '0.1.15', '0.1.15' ]
375 silly lockFile 5ff94483-contextify-0-1-15 contextify@0.1.15
376 verbose lock contextify@0.1.15 /Users/Santana/.npm/5ff94483-contextify-0-1-15.lock
377 silly lockFile df6ab24c-escodegen-1-6-1 escodegen@^1.6.1
378 silly lockFile df6ab24c-escodegen-1-6-1 escodegen@^1.6.1
379 silly lockFile 3e3df4d4-cssom-0-3-1 cssom@0.3.1
380 silly lockFile 3e3df4d4-cssom-0-3-1 cssom@0.3.1
381 http 304 https://registry.npmjs.org/acorn/0.11.0
382 silly registry.get cb [ 304,
382 silly registry.get   { date: 'Fri, 12 Feb 2016 06:58:35 GMT',
382 silly registry.get     via: '1.1 varnish',
382 silly registry.get     'cache-control': 'max-age=300',
382 silly registry.get     etag: '"DJ4JASB4GKHUOGV4ARR9JA7D9"',
382 silly registry.get     age: '0',
382 silly registry.get     connection: 'keep-alive',
382 silly registry.get     'x-served-by': 'cache-sjc3123-SJC',
382 silly registry.get     'x-cache': 'MISS',
382 silly registry.get     'x-cache-hits': '0',
382 silly registry.get     'x-timer': 'S1455260315.784174,VS0,VE58',
382 silly registry.get     vary: 'Accept' } ]
383 verbose etag acorn/0.11.0 from cache
384 silly lockFile 184b5f59-cssstyle-0-2-34 cssstyle@0.2.34
385 silly lockFile 184b5f59-cssstyle-0-2-34 cssstyle@0.2.34
386 silly lockFile dc34acd9-cssom-0-3-0-0-4-0 cssom@>= 0.3.0 < 0.4.0
387 silly lockFile dc34acd9-cssom-0-3-0-0-4-0 cssom@>= 0.3.0 < 0.4.0
388 silly lockFile c80d3f95-cssstyle-0-2-21-0-3-0 cssstyle@>= 0.2.21 < 0.3.0
389 silly lockFile c80d3f95-cssstyle-0-2-21-0-3-0 cssstyle@>= 0.2.21 < 0.3.0
390 silly lockFile fc06c6de-nwmatcher-1-3-7 nwmatcher@1.3.7
391 silly lockFile fc06c6de-nwmatcher-1-3-7 nwmatcher@1.3.7
392 silly lockFile a94ebc4b-nwmatcher-1-3-4-2-0-0 nwmatcher@>= 1.3.4 < 2.0.0
393 silly lockFile a94ebc4b-nwmatcher-1-3-4-2-0-0 nwmatcher@>= 1.3.4 < 2.0.0
394 silly lockFile 7efd4da4-parse5-1-5-1 parse5@1.5.1
395 silly lockFile 7efd4da4-parse5-1-5-1 parse5@1.5.1
396 silly lockFile 4245d8c8-parse5-1-3-1-2-0-0 parse5@>= 1.3.1 < 2.0.0
397 silly lockFile 4245d8c8-parse5-1-3-1-2-0-0 parse5@>= 1.3.1 < 2.0.0
398 silly lockFile 794fd46f-xmlhttprequest-1-8-0 xmlhttprequest@1.8.0
399 silly lockFile 794fd46f-xmlhttprequest-1-8-0 xmlhttprequest@1.8.0
400 silly lockFile 6b9cd825-xmlhttprequest-1-6-0-2-0-0 xmlhttprequest@>= 1.6.0 < 2.0.0
401 silly lockFile 6b9cd825-xmlhttprequest-1-6-0-2-0-0 xmlhttprequest@>= 1.6.0 < 2.0.0
402 silly lockFile 88d98ada-browser-request-0-3-3 browser-request@0.3.3
403 silly lockFile 88d98ada-browser-request-0-3-3 browser-request@0.3.3
404 silly lockFile 4b679b35-htmlparser2-3-9-0 htmlparser2@3.9.0
405 silly lockFile 4b679b35-htmlparser2-3-9-0 htmlparser2@3.9.0
406 silly lockFile c4da83da-browser-request-0-3-1-0-4-0 browser-request@>= 0.3.1 < 0.4.0
407 silly lockFile c4da83da-browser-request-0-3-1-0-4-0 browser-request@>= 0.3.1 < 0.4.0
408 silly lockFile 5bbfaadc-htmlparser2-3-7-3-4-0-0 htmlparser2@>= 3.7.3 < 4.0.0
409 silly lockFile 5bbfaadc-htmlparser2-3-7-3-4-0-0 htmlparser2@>= 3.7.3 < 4.0.0
410 silly lockFile 5ff94483-contextify-0-1-15 contextify@0.1.15
411 silly lockFile 5ff94483-contextify-0-1-15 contextify@0.1.15
412 silly lockFile e78ca166-contextify-0-1-9-0-2-0 contextify@>= 0.1.9 < 0.2.0
413 silly lockFile e78ca166-contextify-0-1-9-0-2-0 contextify@>= 0.1.9 < 0.2.0
414 error Error: No compatible version found: xml-name-validator@'^1.0.0'
414 error Valid install targets:
414 error ["1.0.0","2.0.1"]
414 error     at installTargetsError (/usr/local/lib/node_modules/npm/lib/cache.js:719:10)
414 error     at /usr/local/lib/node_modules/npm/lib/cache.js:638:10
414 error     at saved (/usr/local/lib/node_modules/npm/node_modules/npm-registry-client/lib/get.js:142:7)
414 error     at /usr/local/lib/node_modules/npm/node_modules/graceful-fs/polyfills.js:133:7
414 error     at Object.oncomplete (fs.js:107:15)
415 error If you need help, you may report this log at:
415 error     <http://github.com/isaacs/npm/issues>
415 error or email it to:
415 error     <npm-@googlegroups.com>
416 error System Darwin 15.0.0
417 error command "node" "/usr/local/bin/npm" "install" "jsdom@3.1.2"
418 error cwd /Users/Santana/Desktop/Todo/Professional/School/UCSD/Quarters/Winter 2016/Courses/CSE 170/Labs/introHCI/Project
419 error node -v v0.10.15
420 error npm -v 1.3.5
421 verbose exit [ 1, true ]
